---------------------------------------------------------------
[2020-01-06 19:15:22.000000] 127.0.0.1 GET www.fa.cn/index/index
[ error ] [8]Use of undefined constant merchant_selected - assumed 'merchant_selected'
[ error ] [8]Use of undefined constant merchant_selected - assumed 'merchant_selected'
[ error ] [8]Use of undefined constant merchant_selected - assumed 'merchant_selected'
[ error ] [8]Use of undefined constant merchant_selected - assumed 'merchant_selected'
---------------------------------------------------------------
[2020-01-06 19:15:23.000000] 127.0.0.1 GET www.fa.cn/dashboard?addtabs=1
[ error ] [8]Use of undefined constant merchant_selected - assumed 'merchant_selected'
[ error ] [8]Use of undefined constant merchant_selected - assumed 'merchant_selected'
[ error ] [8]Use of undefined constant merchant_selected - assumed 'merchant_selected'
[ error ] [8]Use of undefined constant merchant_selected - assumed 'merchant_selected'
---------------------------------------------------------------
[2020-01-06 19:15:29.000000] 127.0.0.1 GET www.fa.cn/general/attachment?addtabs=1
[ error ] [8]Use of undefined constant merchant_selected - assumed 'merchant_selected'
[ error ] [8]Use of undefined constant merchant_selected - assumed 'merchant_selected'
[ error ] [8]Use of undefined constant merchant_selected - assumed 'merchant_selected'
[ error ] [8]Use of undefined constant merchant_selected - assumed 'merchant_selected'
---------------------------------------------------------------
[2020-01-06 19:15:29.000000] 127.0.0.1 GET www.fa.cn/general/attachment/index?sort=id&order=desc&offset=0&limit=10&filter=%7B%7D&op=%7B%7D&_=1578305729071
[ error ] [8]Use of undefined constant merchant_selected - assumed 'merchant_selected'
[ error ] [8]Use of undefined constant merchant_selected - assumed 'merchant_selected'
[ error ] [8]Use of undefined constant merchant_selected - assumed 'merchant_selected'
[ error ] [8]Use of undefined constant merchant_selected - assumed 'merchant_selected'
---------------------------------------------------------------
[2020-01-06 19:15:30.000000] 127.0.0.1 GET www.fa.cn/general/profile?addtabs=1
[ error ] [8]Use of undefined constant merchant_selected - assumed 'merchant_selected'
[ error ] [8]Use of undefined constant merchant_selected - assumed 'merchant_selected'
[ error ] [8]Use of undefined constant merchant_selected - assumed 'merchant_selected'
[ error ] [8]Use of undefined constant merchant_selected - assumed 'merchant_selected'
---------------------------------------------------------------
[2020-01-06 19:15:30.000000] 127.0.0.1 GET www.fa.cn/general/profile/index?sort=id&order=desc&offset=0&limit=10&_=1578305730532
[ error ] [8]Use of undefined constant merchant_selected - assumed 'merchant_selected'
[ error ] [8]Use of undefined constant merchant_selected - assumed 'merchant_selected'
[ error ] [8]Use of undefined constant merchant_selected - assumed 'merchant_selected'
[ error ] [8]Use of undefined constant merchant_selected - assumed 'merchant_selected'
---------------------------------------------------------------
[2020-01-06 19:15:31.000000] 127.0.0.1 GET www.fa.cn/general/attachment/index?sort=id&order=desc&offset=0&limit=10&filter=%7B%7D&op=%7B%7D&_=1578305729072
[ error ] [8]Use of undefined constant merchant_selected - assumed 'merchant_selected'
[ error ] [8]Use of undefined constant merchant_selected - assumed 'merchant_selected'
[ error ] [8]Use of undefined constant merchant_selected - assumed 'merchant_selected'
[ error ] [8]Use of undefined constant merchant_selected - assumed 'merchant_selected'
---------------------------------------------------------------
[2020-01-06 19:15:33.000000] 127.0.0.1 GET www.fa.cn/mail_content?addtabs=1
[ error ] [8]Use of undefined constant merchant_selected - assumed 'merchant_selected'
[ error ] [8]Use of undefined constant merchant_selected - assumed 'merchant_selected'
[ error ] [8]Use of undefined constant merchant_selected - assumed 'merchant_selected'
[ error ] [8]Use of undefined constant merchant_selected - assumed 'merchant_selected'
---------------------------------------------------------------
[2020-01-06 19:15:33.000000] 127.0.0.1 GET www.fa.cn/mail_content/index?addtabs=1&sort=id&order=desc&offset=0&limit=10&filter=%7B%7D&op=%7B%7D&_=1578305733754
[ error ] [8]Use of undefined constant merchant_selected - assumed 'merchant_selected'
[ error ] [8]Use of undefined constant merchant_selected - assumed 'merchant_selected'
[ error ] [8]Use of undefined constant merchant_selected - assumed 'merchant_selected'
[ error ] [8]Use of undefined constant merchant_selected - assumed 'merchant_selected'
---------------------------------------------------------------
[2020-01-06 19:15:36.000000] 127.0.0.1 GET www.fa.cn/general/profile/index?sort=id&order=desc&offset=0&limit=10&_=1578305730533
[ error ] [8]Use of undefined constant merchant_selected - assumed 'merchant_selected'
[ error ] [8]Use of undefined constant merchant_selected - assumed 'merchant_selected'
[ error ] [8]Use of undefined constant merchant_selected - assumed 'merchant_selected'
[ error ] [8]Use of undefined constant merchant_selected - assumed 'merchant_selected'
---------------------------------------------------------------
[2020-01-06 19:15:37.000000] 127.0.0.1 GET www.fa.cn/general/attachment/index?sort=id&order=desc&offset=0&limit=10&filter=%7B%7D&op=%7B%7D&_=1578305729073
[ error ] [8]Use of undefined constant merchant_selected - assumed 'merchant_selected'
[ error ] [8]Use of undefined constant merchant_selected - assumed 'merchant_selected'
[ error ] [8]Use of undefined constant merchant_selected - assumed 'merchant_selected'
[ error ] [8]Use of undefined constant merchant_selected - assumed 'merchant_selected'
---------------------------------------------------------------
[2020-01-06 19:17:35.000000] 127.0.0.1 GET www.fa.cn/index/index
[ error ] [8]Use of undefined constant merchant_selected - assumed 'merchant_selected'
[ error ] [8]Use of undefined constant merchant_selected - assumed 'merchant_selected'
[ error ] [8]Use of undefined constant merchant_selected - assumed 'merchant_selected'
[ error ] [8]Use of undefined constant merchant_selected - assumed 'merchant_selected'
---------------------------------------------------------------
[2020-01-06 19:17:35.000000] 127.0.0.1 GET www.fa.cn/dashboard?addtabs=1
[ error ] [8]Use of undefined constant merchant_selected - assumed 'merchant_selected'
[ error ] [8]Use of undefined constant merchant_selected - assumed 'merchant_selected'
[ error ] [8]Use of undefined constant merchant_selected - assumed 'merchant_selected'
[ error ] [8]Use of undefined constant merchant_selected - assumed 'merchant_selected'
---------------------------------------------------------------
[2020-01-06 19:17:41.000000] 127.0.0.1 GET www.fa.cn/general/attachment?addtabs=1
[ error ] [8]Use of undefined constant merchant_selected - assumed 'merchant_selected'
[ error ] [8]Use of undefined constant merchant_selected - assumed 'merchant_selected'
[ error ] [8]Use of undefined constant merchant_selected - assumed 'merchant_selected'
[ error ] [8]Use of undefined constant merchant_selected - assumed 'merchant_selected'
---------------------------------------------------------------
[2020-01-06 19:17:41.000000] 127.0.0.1 GET www.fa.cn/general/attachment/index?sort=id&order=desc&offset=0&limit=10&filter=%7B%7D&op=%7B%7D&_=1578305861589
[ error ] [8]Use of undefined constant merchant_selected - assumed 'merchant_selected'
[ error ] [8]Use of undefined constant merchant_selected - assumed 'merchant_selected'
[ error ] [8]Use of undefined constant merchant_selected - assumed 'merchant_selected'
[ error ] [8]Use of undefined constant merchant_selected - assumed 'merchant_selected'
---------------------------------------------------------------
[2020-01-06 19:18:42.000000] 127.0.0.1 GET www.fa.cn/index/index
[ error ] [8]Use of undefined constant merchant_selected - assumed 'merchant_selected'
[ error ] [8]Use of undefined constant merchant_selected - assumed 'merchant_selected'
[ error ] [8]Use of undefined constant merchant_selected - assumed 'merchant_selected'
---------------------------------------------------------------
[2020-01-06 19:18:42.000000] 127.0.0.1 GET www.fa.cn/dashboard?addtabs=1
[ error ] [8]Use of undefined constant merchant_selected - assumed 'merchant_selected'
[ error ] [8]Use of undefined constant merchant_selected - assumed 'merchant_selected'
[ error ] [8]Use of undefined constant merchant_selected - assumed 'merchant_selected'
---------------------------------------------------------------
[2020-01-06 19:18:43.000000] 127.0.0.1 GET www.fa.cn/merchant/coupon?addtabs=1
[ error ] [8]Use of undefined constant merchant_selected - assumed 'merchant_selected'
[ error ] [8]Use of undefined constant merchant_selected - assumed 'merchant_selected'
[ error ] [8]Use of undefined constant merchant_selected - assumed 'merchant_selected'
---------------------------------------------------------------
[2020-01-06 19:18:44.000000] 127.0.0.1 GET www.fa.cn/merchant/coupon/index?addtabs=1&sort=weigh&order=desc&offset=0&limit=10&filter=%7B%7D&op=%7B%7D&_=1578305923988
[ error ] [8]Use of undefined constant merchant_selected - assumed 'merchant_selected'
[ error ] [8]Use of undefined constant merchant_selected - assumed 'merchant_selected'
[ error ] [8]Use of undefined constant merchant_selected - assumed 'merchant_selected'
---------------------------------------------------------------
[2020-01-06 19:18:52.000000] 127.0.0.1 GET www.fa.cn/merchant/coupon/index?addtabs=1&sort=weigh&order=desc&offset=0&limit=10&filter=%7B%7D&op=%7B%7D&_=1578305923989
[ error ] [8]Use of undefined constant merchant_selected - assumed 'merchant_selected'
[ error ] [8]Use of undefined constant merchant_selected - assumed 'merchant_selected'
[ error ] [8]Use of undefined constant merchant_selected - assumed 'merchant_selected'
